This is pdfTeX, Version 3.141592653-2.6-1.40.22 (TeX Live 2022/dev/Debian) (preloaded format=pdflatex 2023.6.20)  18 AUG 2023 00:19
entering extended mode
 restricted \write18 enabled.
 %&-line parsing enabled.
**Champis.tex
(./Champis.tex
LaTeX2e <2021-11-15> patch level 1
L3 programming layer <2022-01-21> (/usr/share/texlive/texmf-dist/tex/latex/base
/article.cls
Document Class: article 2021/10/04 v1.4n Standard LaTeX document class
(/usr/share/texlive/texmf-dist/tex/latex/base/size12.clo
File: size12.clo 2021/10/04 v1.4n Standard LaTeX file (size option)
)
\c@part=\count185
\c@section=\count186
\c@subsection=\count187
\c@subsubsection=\count188
\c@paragraph=\count189
\c@subparagraph=\count190
\c@figure=\count191
\c@table=\count192
\abovecaptionskip=\skip47
\belowcaptionskip=\skip48
\bibindent=\dimen138
) (/usr/share/texlive/texmf-dist/tex/latex/amsmath/amsmath.sty
Package: amsmath 2021/10/15 v2.17l AMS math features
\@mathmargin=\skip49
For additional information on amsmath, use the `?' option.
(/usr/share/texlive/texmf-dist/tex/latex/amsmath/amstext.sty
Package: amstext 2021/08/26 v2.01 AMS text
(/usr/share/texlive/texmf-dist/tex/latex/amsmath/amsgen.sty
File: amsgen.sty 1999/11/30 v2.0 generic functions
\@emptytoks=\toks16
\ex@=\dimen139
)) (/usr/share/texlive/texmf-dist/tex/latex/amsmath/amsbsy.sty
Package: amsbsy 1999/11/29 v1.2d Bold Symbols
\pmbraise@=\dimen140
) (/usr/share/texlive/texmf-dist/tex/latex/amsmath/amsopn.sty
Package: amsopn 2021/08/26 v2.02 operator names
)
\inf@bad=\count193
LaTeX Info: Redefining \frac on input line 234.
\uproot@=\count194
\leftroot@=\count195
LaTeX Info: Redefining \overline on input line 399.
\classnum@=\count196
\DOTSCASE@=\count197
LaTeX Info: Redefining \ldots on input line 496.
LaTeX Info: Redefining \dots on input line 499.
LaTeX Info: Redefining \cdots on input line 620.
\Mathstrutbox@=\box50
\strutbox@=\box51
\big@size=\dimen141
LaTeX Font Info:    Redeclaring font encoding OML on input line 743.
LaTeX Font Info:    Redeclaring font encoding OMS on input line 744.
\macc@depth=\count198
\c@MaxMatrixCols=\count199
\dotsspace@=\muskip16
\c@parentequation=\count266
\dspbrk@lvl=\count267
\tag@help=\toks17
\row@=\count268
\column@=\count269
\maxfields@=\count270
\andhelp@=\toks18
\eqnshift@=\dimen142
\alignsep@=\dimen143
\tagshift@=\dimen144
\tagwidth@=\dimen145
\totwidth@=\dimen146
\lineht@=\dimen147
\@envbody=\toks19
\multlinegap=\skip50
\multlinetaggap=\skip51
\mathdisplay@stack=\toks20
LaTeX Info: Redefining \[ on input line 2938.
LaTeX Info: Redefining \] on input line 2939.
) (/usr/share/texlive/texmf-dist/tex/latex/amsfonts/amssymb.sty
Package: amssymb 2013/01/14 v3.01 AMS font symbols
(/usr/share/texlive/texmf-dist/tex/latex/amsfonts/amsfonts.sty
Package: amsfonts 2013/01/14 v3.01 Basic AMSFonts support
\symAMSa=\mathgroup4
\symAMSb=\mathgroup5
LaTeX Font Info:    Redeclaring math symbol \hbar on input line 98.
LaTeX Font Info:    Overwriting math alphabet `\mathfrak' in version `bold'
(Font)                  U/euf/m/n --> U/euf/b/n on input line 106.
)) (/usr/share/texmf/tex/latex/lm/lmodern.sty
Package: lmodern 2009/10/30 v1.6 Latin Modern Fonts
LaTeX Font Info:    Overwriting symbol font `operators' in version `normal'
(Font)                  OT1/cmr/m/n --> OT1/lmr/m/n on input line 22.
LaTeX Font Info:    Overwriting symbol font `letters' in version `normal'
(Font)                  OML/cmm/m/it --> OML/lmm/m/it on input line 23.
LaTeX Font Info:    Overwriting symbol font `symbols' in version `normal'
(Font)                  OMS/cmsy/m/n --> OMS/lmsy/m/n on input line 24.
LaTeX Font Info:    Overwriting symbol font `largesymbols' in version `normal'
(Font)                  OMX/cmex/m/n --> OMX/lmex/m/n on input line 25.
LaTeX Font Info:    Overwriting symbol font `operators' in version `bold'
(Font)                  OT1/cmr/bx/n --> OT1/lmr/bx/n on input line 26.
LaTeX Font Info:    Overwriting symbol font `letters' in version `bold'
(Font)                  OML/cmm/b/it --> OML/lmm/b/it on input line 27.
LaTeX Font Info:    Overwriting symbol font `symbols' in version `bold'
(Font)                  OMS/cmsy/b/n --> OMS/lmsy/b/n on input line 28.
LaTeX Font Info:    Overwriting symbol font `largesymbols' in version `bold'
(Font)                  OMX/cmex/m/n --> OMX/lmex/m/n on input line 29.
LaTeX Font Info:    Overwriting math alphabet `\mathbf' in version `normal'
(Font)                  OT1/cmr/bx/n --> OT1/lmr/bx/n on input line 31.
LaTeX Font Info:    Overwriting math alphabet `\mathsf' in version `normal'
(Font)                  OT1/cmss/m/n --> OT1/lmss/m/n on input line 32.
LaTeX Font Info:    Overwriting math alphabet `\mathit' in version `normal'
(Font)                  OT1/cmr/m/it --> OT1/lmr/m/it on input line 33.
LaTeX Font Info:    Overwriting math alphabet `\mathtt' in version `normal'
(Font)                  OT1/cmtt/m/n --> OT1/lmtt/m/n on input line 34.
LaTeX Font Info:    Overwriting math alphabet `\mathbf' in version `bold'
(Font)                  OT1/cmr/bx/n --> OT1/lmr/bx/n on input line 35.
LaTeX Font Info:    Overwriting math alphabet `\mathsf' in version `bold'
(Font)                  OT1/cmss/bx/n --> OT1/lmss/bx/n on input line 36.
LaTeX Font Info:    Overwriting math alphabet `\mathit' in version `bold'
(Font)                  OT1/cmr/bx/it --> OT1/lmr/bx/it on input line 37.
LaTeX Font Info:    Overwriting math alphabet `\mathtt' in version `bold'
(Font)                  OT1/cmtt/m/n --> OT1/lmtt/m/n on input line 38.
) (/usr/share/texlive/texmf-dist/tex/generic/iftex/iftex.sty
Package: iftex 2020/03/06 v1.0d TeX engine tests
) (/usr/share/texlive/texmf-dist/tex/latex/base/fontenc.sty
Package: fontenc 2021/04/29 v2.0v Standard LaTeX package
LaTeX Font Info:    Trying to load font information for T1+lmr on input line 11
2.
(/usr/share/texmf/tex/latex/lm/t1lmr.fd
File: t1lmr.fd 2009/10/30 v1.6 Font defs for Latin Modern
)) (/usr/share/texlive/texmf-dist/tex/latex/base/inputenc.sty
Package: inputenc 2021/02/14 v1.3d Input encoding file
\inpenc@prehook=\toks21
\inpenc@posthook=\toks22
) (/usr/share/texlive/texmf-dist/tex/latex/base/textcomp.sty
Package: textcomp 2020/02/02 v2.0n Standard LaTeX package
) (/usr/share/texlive/texmf-dist/tex/latex/upquote/upquote.sty
Package: upquote 2012/04/19 v1.3 upright-quote and grave-accent glyphs in verba
tim
) (/usr/share/texlive/texmf-dist/tex/latex/microtype/microtype.sty
Package: microtype 2021/12/10 v3.0b Micro-typographical refinements (RS)
(/usr/share/texlive/texmf-dist/tex/latex/graphics/keyval.sty
Package: keyval 2014/10/28 v1.15 key=value parser (DPC)
\KV@toks@=\toks23
) (/usr/share/texlive/texmf-dist/tex/latex/etoolbox/etoolbox.sty
Package: etoolbox 2020/10/05 v2.5k e-TeX tools for LaTeX (JAW)
\etb@tempcnta=\count271
)
\MT@toks=\toks24
\MT@count=\count272
\MT@tempbox=\box52
LaTeX Info: Redefining \leftprotrusion on input line 1010.
LaTeX Info: Redefining \rightprotrusion on input line 1018.
LaTeX Info: Redefining \textls on input line 1173.
\MT@outer@kern=\dimen148
LaTeX Info: Redefining \textmicrotypecontext on input line 1759.
\MT@listname@count=\count273
(/usr/share/texlive/texmf-dist/tex/latex/microtype/microtype-pdftex.def
File: microtype-pdftex.def 2021/12/10 v3.0b Definitions specific to pdftex (RS)

LaTeX Info: Redefining \lsstyle on input line 897.
LaTeX Info: Redefining \lslig on input line 897.
\MT@outer@space=\skip52
)
Package microtype Info: Loading configuration file microtype.cfg.
(/usr/share/texlive/texmf-dist/tex/latex/microtype/microtype.cfg
File: microtype.cfg 2021/12/10 v3.0b microtype main configuration file (RS)
)) (/usr/share/texlive/texmf-dist/tex/latex/xcolor/xcolor.sty
Package: xcolor 2021/10/31 v2.13 LaTeX color extensions (UK)
(/usr/share/texlive/texmf-dist/tex/latex/graphics-cfg/color.cfg
File: color.cfg 2016/01/02 v1.6 sample color configuration
)
Package xcolor Info: Driver file: pdftex.def on input line 227.
(/usr/share/texlive/texmf-dist/tex/latex/graphics-def/pdftex.def
File: pdftex.def 2020/10/05 v1.2a Graphics/color driver for pdftex
)
Package xcolor Info: Model `cmy' substituted by `cmy0' on input line 1352.
Package xcolor Info: Model `hsb' substituted by `rgb' on input line 1356.
Package xcolor Info: Model `RGB' extended on input line 1368.
Package xcolor Info: Model `HTML' substituted by `rgb' on input line 1370.
Package xcolor Info: Model `Hsb' substituted by `hsb' on input line 1371.
Package xcolor Info: Model `tHsb' substituted by `hsb' on input line 1372.
Package xcolor Info: Model `HSB' substituted by `hsb' on input line 1373.
Package xcolor Info: Model `Gray' substituted by `gray' on input line 1374.
Package xcolor Info: Model `wave' substituted by `hsb' on input line 1375.
) (/usr/share/texlive/texmf-dist/tex/latex/geometry/geometry.sty
Package: geometry 2020/01/02 v5.9 Page Geometry
(/usr/share/texlive/texmf-dist/tex/generic/iftex/ifvtex.sty
Package: ifvtex 2019/10/25 v1.7 ifvtex legacy package. Use iftex instead.
)
\Gm@cnth=\count274
\Gm@cntv=\count275
\c@Gm@tempcnt=\count276
\Gm@bindingoffset=\dimen149
\Gm@wd@mp=\dimen150
\Gm@odd@mp=\dimen151
\Gm@even@mp=\dimen152
\Gm@layoutwidth=\dimen153
\Gm@layoutheight=\dimen154
\Gm@layouthoffset=\dimen155
\Gm@layoutvoffset=\dimen156
\Gm@dimlist=\toks25
) (/usr/share/texlive/texmf-dist/tex/latex/fancyvrb/fancyvrb.sty
Package: fancyvrb 2021/12/21 4.1b verbatim text (tvz,hv)
\FV@CodeLineNo=\count277
\FV@InFile=\read2
\FV@TabBox=\box53
\c@FancyVerbLine=\count278
\FV@StepNumber=\count279
\FV@OutFile=\write3
) (/usr/share/texlive/texmf-dist/tex/latex/framed/framed.sty
Package: framed 2011/10/22 v 0.96: framed or shaded text with page breaks
\OuterFrameSep=\skip53
\fb@frw=\dimen157
\fb@frh=\dimen158
\FrameRule=\dimen159
\FrameSep=\dimen160
) (/usr/share/texlive/texmf-dist/tex/latex/tools/longtable.sty
Package: longtable 2021-09-01 v4.17 Multi-page Table package (DPC)
\LTleft=\skip54
\LTright=\skip55
\LTpre=\skip56
\LTpost=\skip57
\LTchunksize=\count280
\LTcapwidth=\dimen161
\LT@head=\box54
\LT@firsthead=\box55
\LT@foot=\box56
\LT@lastfoot=\box57
\LT@gbox=\box58
\LT@cols=\count281
\LT@rows=\count282
\c@LT@tables=\count283
\c@LT@chunks=\count284
\LT@p@ftn=\toks26
) (/usr/share/texlive/texmf-dist/tex/latex/booktabs/booktabs.sty
Package: booktabs 2020/01/12 v1.61803398 Publication quality tables
\heavyrulewidth=\dimen162
\lightrulewidth=\dimen163
\cmidrulewidth=\dimen164
\belowrulesep=\dimen165
\belowbottomsep=\dimen166
\aboverulesep=\dimen167
\abovetopsep=\dimen168
\cmidrulesep=\dimen169
\cmidrulekern=\dimen170
\defaultaddspace=\dimen171
\@cmidla=\count285
\@cmidlb=\count286
\@aboverulesep=\dimen172
\@belowrulesep=\dimen173
\@thisruleclass=\count287
\@lastruleclass=\count288
\@thisrulewidth=\dimen174
) (/usr/share/texlive/texmf-dist/tex/latex/tools/array.sty
Package: array 2021/10/04 v2.5f Tabular extension package (FMi)
\col@sep=\dimen175
\ar@mcellbox=\box59
\extrarowheight=\dimen176
\NC@list=\toks27
\extratabsurround=\skip58
\backup@length=\skip59
\ar@cellbox=\box60
) (/usr/share/texlive/texmf-dist/tex/latex/tools/calc.sty
Package: calc 2017/05/25 v4.3 Infix arithmetic (KKT,FJ)
\calc@Acount=\count289
\calc@Bcount=\count290
\calc@Adimen=\dimen177
\calc@Bdimen=\dimen178
\calc@Askip=\skip60
\calc@Bskip=\skip61
LaTeX Info: Redefining \setlength on input line 80.
LaTeX Info: Redefining \addtolength on input line 81.
\calc@Ccount=\count291
\calc@Cskip=\skip62
) (/usr/share/texlive/texmf-dist/tex/latex/footnotehyper/footnotehyper.sty
Package: footnotehyper 2021/08/13 v1.1e hyperref aware footnote.sty (JFB)
\FNH@notes=\box61
\FNH@width=\dimen179
\FNH@toks=\toks28
) (/usr/share/texlive/texmf-dist/tex/latex/graphics/graphicx.sty
Package: graphicx 2021/09/16 v1.2d Enhanced LaTeX Graphics (DPC,SPQR)
(/usr/share/texlive/texmf-dist/tex/latex/graphics/graphics.sty
Package: graphics 2021/03/04 v1.4d Standard LaTeX Graphics (DPC,SPQR)
(/usr/share/texlive/texmf-dist/tex/latex/graphics/trig.sty
Package: trig 2021/08/11 v1.11 sin cos tan (DPC)
) (/usr/share/texlive/texmf-dist/tex/latex/graphics-cfg/graphics.cfg
File: graphics.cfg 2016/06/04 v1.11 sample graphics configuration
)
Package graphics Info: Driver file: pdftex.def on input line 107.
)
\Gin@req@height=\dimen180
\Gin@req@width=\dimen181
)
\cslhangindent=\skip63
\csllabelwidth=\skip64
\cslentryspacingunit=\skip65
(/usr/share/texlive/texmf-dist/tex/generic/babel/babel.sty
Package: babel 2022/01/26 3.70 The Babel package
\babel@savecnt=\count292
\U@D=\dimen182
\l@unhyphenated=\language16
(/usr/share/texlive/texmf-dist/tex/generic/babel/txtbabel.def)
\bbl@readstream=\read3
\bbl@dirlevel=\count293
Package babel Info: You haven't specified a language. I'll use 'nil'
(babel)             as the main language. Reported on input line 4299.
(/usr/share/texlive/texmf-dist/tex/generic/babel/nil.ldf
Language: nil 2022/01/26 3.70 Nil language
\l@nil=\language17
))
\everypar=\toks29
(/usr/share/texlive/texmf-dist/tex/generic/babel/locale/fr/babel-french.tex)
Package babel Info: Importing data for french
(babel)             from babel-fr.ini. Reported on input line 123.
Package babel Info: Hyphen rules for 'french' set to \l@french
(babel)             (\language9). Reported on input line 123.
(/usr/share/texlive/texmf-dist/tex/latex/float/float.sty
Package: float 2001/11/08 v1.3d Float enhancements (AL)
\c@float@type=\count294
\float@exts=\toks30
\float@box=\box62
\@float@everytoks=\toks31
\@floatcapt=\box63
) (/usr/share/texlive/texmf-dist/tex/latex/placeins/placeins.sty
Package: placeins 2005/04/18  v 2.2
) (/usr/share/texlive/texmf-dist/tex/latex/pdfpages/pdfpages.sty
Package: pdfpages 2022/01/29 v0.5u Insert pages of external PDF documents (AM)
(/usr/share/texlive/texmf-dist/tex/latex/base/ifthen.sty
Package: ifthen 2020/11/24 v1.1c Standard LaTeX ifthen package (DPC)
) (/usr/share/texlive/texmf-dist/tex/latex/eso-pic/eso-pic.sty
Package: eso-pic 2020/10/14 v3.0a eso-pic (RN)
\ESO@tempdima=\dimen183
\ESO@tempdimb=\dimen184
)
\AM@pagewidth=\dimen185
\AM@pageheight=\dimen186
\AM@fboxrule=\dimen187
(/usr/share/texlive/texmf-dist/tex/latex/pdfpages/pppdftex.def
File: pppdftex.def 2022/01/29 v0.5u Pdfpages driver for pdfTeX (AM)
)
\pdfpages@includegraphics@status=\count295
\AM@pagebox=\box64
\AM@global@opts=\toks32
\AM@pagecnt=\count296
\AM@toc@title=\toks33
\c@AM@survey=\count297
\AM@templatesizebox=\box65
) (/usr/share/texlive/texmf-dist/tex/latex/svg/svg.sty
Package: svg 2020/11/26 v2.02k (include SVG pictures)
(/usr/share/texlive/texmf-dist/tex/latex/koma-script/scrbase.sty
Package: scrbase 2021/11/13 v3.35 KOMA-Script package (KOMA-Script-independent 
basics and keyval usage)
(/usr/share/texlive/texmf-dist/tex/latex/koma-script/scrlfile.sty
Package: scrlfile 2021/11/13 v3.35 KOMA-Script package (file load hooks)
(/usr/share/texlive/texmf-dist/tex/latex/koma-script/scrlfile-hook.sty
Package: scrlfile-hook 2021/11/13 v3.35 KOMA-Script package (using LaTeX hooks)

(/usr/share/texlive/texmf-dist/tex/latex/koma-script/scrlogo.sty
Package: scrlogo 2021/11/13 v3.35 KOMA-Script package (logo)
)))
Applying: [2021/05/01] Usage of raw or classic option list on input line 252.
Already applied: [0000/00/00] Usage of raw or classic option list on input line
 368.
) (/usr/share/texlive/texmf-dist/tex/generic/pdftexcmds/pdftexcmds.sty
Package: pdftexcmds 2020-06-27 v0.33 Utility functions of pdfTeX for LuaTeX (HO
)
(/usr/share/texlive/texmf-dist/tex/generic/infwarerr/infwarerr.sty
Package: infwarerr 2019/12/03 v1.5 Providing info/warning/error messages (HO)
) (/usr/share/texlive/texmf-dist/tex/generic/ltxcmds/ltxcmds.sty
Package: ltxcmds 2020-05-10 v1.25 LaTeX kernel commands for general use (HO)
)
Package pdftexcmds Info: \pdf@primitive is available.
Package pdftexcmds Info: \pdf@ifprimitive is available.
Package pdftexcmds Info: \pdfdraftmode found.
) (/usr/share/texlive/texmf-dist/tex/latex/trimspaces/trimspaces.sty
Package: trimspaces 2009/09/17 v1.1 Trim spaces around a token list
) (/usr/share/texlive/texmf-dist/tex/latex/tools/shellesc.sty
Package: shellesc 2019/11/08 v1.0c unified shell escape interface for LaTeX
Package shellesc Info: Restricted shell escape enabled on input line 77.
)
\c@svg@param@lastpage=\count298
\svg@box=\box66
\c@svg@param@currpage=\count299
) (/usr/share/texlive/texmf-dist/tex/latex/transparent/transparent.sty
Package: transparent 2019/11/29 v1.4 Transparency via pdfTeX's color stack (HO)

(/usr/share/texlive/texmf-dist/tex/latex/auxhook/auxhook.sty
Package: auxhook 2019-12-17 v1.6 Hooks for auxiliary files (HO)
)) (/usr/share/texlive/texmf-dist/tex/latex/pgf/systemlayer/pgfsys.sty (/usr/sh
are/texlive/texmf-dist/tex/latex/pgf/utilities/pgfrcs.sty (/usr/share/texlive/t
exmf-dist/tex/generic/pgf/utilities/pgfutil-common.tex
\pgfutil@everybye=\toks34
\pgfutil@tempdima=\dimen188
\pgfutil@tempdimb=\dimen189

(/usr/share/texlive/texmf-dist/tex/generic/pgf/utilities/pgfutil-common-lists.t
ex)) (/usr/share/texlive/texmf-dist/tex/generic/pgf/utilities/pgfutil-latex.def
\pgfutil@abb=\box67
) (/usr/share/texlive/texmf-dist/tex/generic/pgf/utilities/pgfrcs.code.tex (/us
r/share/texlive/texmf-dist/tex/generic/pgf/pgf.revision.tex)
Package: pgfrcs 2021/05/15 v3.1.9a (3.1.9a)
)) (/usr/share/texlive/texmf-dist/tex/generic/pgf/systemlayer/pgfsys.code.tex
Package: pgfsys 2021/05/15 v3.1.9a (3.1.9a)
(/usr/share/texlive/texmf-dist/tex/generic/pgf/utilities/pgfkeys.code.tex
\pgfkeys@pathtoks=\toks35
\pgfkeys@temptoks=\toks36

(/usr/share/texlive/texmf-dist/tex/generic/pgf/utilities/pgfkeysfiltered.code.t
ex
\pgfkeys@tmptoks=\toks37
))
\pgf@x=\dimen190
\pgf@y=\dimen191
\pgf@xa=\dimen192
\pgf@ya=\dimen193
\pgf@xb=\dimen194
\pgf@yb=\dimen195
\pgf@xc=\dimen196
\pgf@yc=\dimen197
\pgf@xd=\dimen198
\pgf@yd=\dimen199
\w@pgf@writea=\write4
\r@pgf@reada=\read4
\c@pgf@counta=\count300
\c@pgf@countb=\count301
\c@pgf@countc=\count302
\c@pgf@countd=\count303
\t@pgf@toka=\toks38
\t@pgf@tokb=\toks39
\t@pgf@tokc=\toks40
\pgf@sys@id@count=\count304
(/usr/share/texlive/texmf-dist/tex/generic/pgf/systemlayer/pgf.cfg
File: pgf.cfg 2021/05/15 v3.1.9a (3.1.9a)
)
Driver file for pgf: pgfsys-pdftex.def
(/usr/share/texlive/texmf-dist/tex/generic/pgf/systemlayer/pgfsys-pdftex.def
File: pgfsys-pdftex.def 2021/05/15 v3.1.9a (3.1.9a)

(/usr/share/texlive/texmf-dist/tex/generic/pgf/systemlayer/pgfsys-common-pdf.de
f
File: pgfsys-common-pdf.def 2021/05/15 v3.1.9a (3.1.9a)
)))
(/usr/share/texlive/texmf-dist/tex/generic/pgf/systemlayer/pgfsyssoftpath.code.
tex
File: pgfsyssoftpath.code.tex 2021/05/15 v3.1.9a (3.1.9a)
\pgfsyssoftpath@smallbuffer@items=\count305
\pgfsyssoftpath@bigbuffer@items=\count306
)
(/usr/share/texlive/texmf-dist/tex/generic/pgf/systemlayer/pgfsysprotocol.code.
tex
File: pgfsysprotocol.code.tex 2021/05/15 v3.1.9a (3.1.9a)
)) (/usr/share/texlive/texmf-dist/tex/latex/sfmath/sfmath.sty
Package: sfmath 2007/08/27 v0.8 sans serif maths
LaTeX Font Info:    Encoding `OT1' has changed to `T1' for symbol font
(Font)              `operators' in the math version `normal' on input line 329.

LaTeX Font Info:    Overwriting symbol font `operators' in version `normal'
(Font)                  OT1/lmr/m/n --> T1/lmss/m/n on input line 329.
LaTeX Font Info:    Encoding `OT1' has changed to `T1' for symbol font
(Font)              `operators' in the math version `bold' on input line 330.
LaTeX Font Info:    Overwriting symbol font `operators' in version `bold'
(Font)                  OT1/lmr/bx/n --> T1/lmss/bx/n on input line 330.
\symSFMath=\mathgroup6
LaTeX Font Info:    Overwriting symbol font `SFMath' in version `normal'
(Font)                  T1/lmss/m/sl --> T1/lmss/m/sl on input line 343.
LaTeX Font Info:    Overwriting symbol font `SFMath' in version `bold'
(Font)                  T1/lmss/m/sl --> T1/lmss/bx/sl on input line 344.
LaTeX Font Info:    Redeclaring math symbol \imath on input line 398.
LaTeX Font Info:    Redeclaring math symbol \jmath on input line 399.
\symSFMathUp=\mathgroup7
LaTeX Font Info:    Overwriting symbol font `SFMathUp' in version `normal'
(Font)                  T1/lmss/m/n --> T1/lmss/m/n on input line 406.
LaTeX Font Info:    Overwriting symbol font `SFMathUp' in version `bold'
(Font)                  T1/lmss/m/n --> T1/lmss/bx/n on input line 407.
LaTeX Font Info:    Redeclaring math symbol \ldotp on input line 410.
\symSFMathGreek=\mathgroup8
LaTeX Font Info:    Overwriting symbol font `SFMathGreek' in version `normal'
(Font)                  OT1/cmss/m/n --> OT1/cmss/m/n on input line 419.
LaTeX Font Info:    Overwriting symbol font `SFMathGreek' in version `bold'
(Font)                  OT1/cmss/m/n --> OT1/cmss/bx/n on input line 420.
LaTeX Font Info:    Redeclaring math symbol \Gamma on input line 422.
LaTeX Font Info:    Redeclaring math symbol \Delta on input line 423.
LaTeX Font Info:    Redeclaring math symbol \Theta on input line 424.
LaTeX Font Info:    Redeclaring math symbol \Lambda on input line 425.
LaTeX Font Info:    Redeclaring math symbol \Xi on input line 426.
LaTeX Font Info:    Redeclaring math symbol \Pi on input line 427.
LaTeX Font Info:    Redeclaring math symbol \Sigma on input line 428.
LaTeX Font Info:    Redeclaring math symbol \Upsilon on input line 429.
LaTeX Font Info:    Redeclaring math symbol \Phi on input line 430.
LaTeX Font Info:    Redeclaring math symbol \Psi on input line 431.
LaTeX Font Info:    Redeclaring math symbol \Omega on input line 432.
\symSFMathUpGreek=\mathgroup9
LaTeX Font Info:    Overwriting symbol font `SFMathUpGreek' in version `normal'

(Font)                  OT1/cmss/m/n --> OT1/cmss/m/n on input line 436.
LaTeX Font Info:    Overwriting symbol font `SFMathUpGreek' in version `bold'
(Font)                  OT1/cmss/m/n --> OT1/cmss/bx/n on input line 437.
LaTeX Font Info:    Overwriting math alphabet `\mathnormal' in version `normal'

(Font)                  OML/lmm/m/it --> T1/lmss/m/sl on input line 446.
LaTeX Font Info:    Overwriting math alphabet `\mathnormal' in version `bold'
(Font)                  OML/lmm/b/it --> T1/lmss/bx/sl on input line 447.
LaTeX Font Info:    Overwriting math alphabet `\mathrm' in version `normal'
(Font)                  T1/lmss/m/n --> T1/lmss/m/n on input line 449.
LaTeX Font Info:    Overwriting math alphabet `\mathrm' in version `bold'
(Font)                  T1/lmss/bx/n --> T1/lmss/bx/n on input line 450.
LaTeX Font Info:    Overwriting math alphabet `\mathbf' in version `normal'
(Font)                  OT1/lmr/bx/n --> T1/lmss/bx/n on input line 452.
LaTeX Font Info:    Overwriting math alphabet `\mathbf' in version `bold'
(Font)                  OT1/lmr/bx/n --> T1/lmss/bx/n on input line 453.
LaTeX Font Info:    Overwriting math alphabet `\mathit' in version `normal'
(Font)                  OT1/lmr/m/it --> T1/lmss/m/sl on input line 455.
LaTeX Font Info:    Overwriting math alphabet `\mathit' in version `bold'
(Font)                  OT1/lmr/bx/it --> T1/lmss/bx/sl on input line 456.
LaTeX Font Info:    Overwriting math alphabet `\mathsf' in version `normal'
(Font)                  OT1/lmss/m/n --> T1/lmss/m/n on input line 458.
LaTeX Font Info:    Overwriting math alphabet `\mathsf' in version `bold'
(Font)                  OT1/lmss/bx/n --> T1/lmss/bx/n on input line 459.
LaTeX Font Info:    Overwriting math alphabet `\mathsl' in version `bold'
(Font)                  T1/lmss/m/sl --> T1/lmss/bx/sl on input line 466.
) (/usr/share/texlive/texmf-dist/tex/generic/alphalph/alphalph.sty
Package: alphalph 2019/12/09 v2.6 Convert numbers to letters (HO)
(/usr/share/texlive/texmf-dist/tex/generic/intcalc/intcalc.sty
Package: intcalc 2019/12/15 v1.3 Expandable calculations with integers (HO)
)) (/usr/share/texlive/texmf-dist/tex/latex/multirow/multirow.sty
Package: multirow 2021/03/15 v2.8 Span multiple rows of a table
\multirow@colwidth=\skip66
\multirow@cntb=\count307
\multirow@dima=\skip67
\bigstrutjot=\dimen256
) (/usr/share/texlive/texmf-dist/tex/latex/wrapfig/wrapfig.sty
\wrapoverhang=\dimen257
\WF@size=\dimen258
\c@WF@wrappedlines=\count308
\WF@box=\box68
\WF@everypar=\toks41
Package: wrapfig 2003/01/31  v 3.6
) (/usr/share/texlive/texmf-dist/tex/latex/colortbl/colortbl.sty
Package: colortbl 2020/01/04 v1.0e Color table columns (DPC)
\everycr=\toks42
\minrowclearance=\skip68
) (/usr/share/texlive/texmf-dist/tex/latex/pdflscape/pdflscape.sty
Package: pdflscape 2019/12/05 v0.12 Display of landscape pages in PDF (HO)
(/usr/share/texlive/texmf-dist/tex/latex/graphics/lscape.sty
Package: lscape 2020/05/28 v3.02 Landscape Pages (DPC)
)
Package pdflscape Info: Auto-detected driver: pdftex on input line 81.
) (/usr/share/texlive/texmf-dist/tex/latex/tabu/tabu.sty
Package: tabu 2019/01/11 v2.9 - flexible LaTeX tabulars (FC+tabu-fixed) + inter
mediate FMi
(/usr/share/texlive/texmf-dist/tex/latex/varwidth/varwidth.sty
Package: varwidth 2009/03/30 ver 0.92;  Variable-width minipages
\@vwid@box=\box69
\sift@deathcycles=\count309
\@vwid@loff=\dimen259
\@vwid@roff=\dimen260
)
\c@taburow=\count310
\tabu@nbcols=\count311
\tabu@cnt=\count312
\tabu@Xcol=\count313
\tabu@alloc=\count314
\tabu@nested=\count315
\tabu@target=\dimen261
\tabu@spreadtarget=\dimen262
\tabu@naturalX=\dimen263
\tabucolX=\dimen264
\tabu@Xsum=\dimen265
\extrarowdepth=\dimen266
\abovetabulinesep=\dimen267
\belowtabulinesep=\dimen268
\tabustrutrule=\dimen269
\tabu@thebody=\toks43
\tabu@footnotes=\toks44
\tabu@box=\box70
\tabu@arstrutbox=\box71
\tabu@hleads=\box72
\tabu@vleads=\box73
\tabu@cellskip=\skip69
) (/usr/share/texlive/texmf-dist/tex/latex/threeparttable/threeparttable.sty
Package: threeparttable 2003/06/13  v 3.0
\@tempboxb=\box74
) (/usr/share/texlive/texmf-dist/tex/latex/threeparttablex/threeparttablex.sty
Package: threeparttablex 2013/07/23 v0.3 by daleif
(/usr/share/texlive/texmf-dist/tex/latex/environ/environ.sty
Package: environ 2014/05/04 v0.3 A new way to define environments
)
\TPTL@width=\skip70
) (/usr/share/texlive/texmf-dist/tex/generic/ulem/ulem.sty
\UL@box=\box75
\UL@hyphenbox=\box76
\UL@skip=\skip71
\UL@hook=\toks45
\UL@height=\dimen270
\UL@pe=\count316
\UL@pixel=\dimen271
\ULC@box=\box77
Package: ulem 2019/11/18
\ULdepth=\dimen272
) (/usr/share/texlive/texmf-dist/tex/latex/makecell/makecell.sty
Package: makecell 2009/08/03 V0.1e Managing of Tab Column Heads and Cells
\rotheadsize=\dimen273
\c@nlinenum=\count317
\TeXr@lab=\toks46
) (/usr/share/texlive/texmf-dist/tex/latex/bookmark/bookmark.sty
Package: bookmark 2020-11-06 v1.29 PDF bookmarks (HO)
(/usr/share/texlive/texmf-dist/tex/latex/hyperref/hyperref.sty
Package: hyperref 2021-06-07 v7.00m Hypertext links for LaTeX
(/usr/share/texlive/texmf-dist/tex/generic/kvsetkeys/kvsetkeys.sty
Package: kvsetkeys 2019/12/15 v1.18 Key value parser (HO)
) (/usr/share/texlive/texmf-dist/tex/generic/kvdefinekeys/kvdefinekeys.sty
Package: kvdefinekeys 2019-12-19 v1.6 Define keys (HO)
) (/usr/share/texlive/texmf-dist/tex/generic/pdfescape/pdfescape.sty
Package: pdfescape 2019/12/09 v1.15 Implements pdfTeX's escape features (HO)
) (/usr/share/texlive/texmf-dist/tex/latex/hycolor/hycolor.sty
Package: hycolor 2020-01-27 v1.10 Color options for hyperref/bookmark (HO)
) (/usr/share/texlive/texmf-dist/tex/latex/letltxmacro/letltxmacro.sty
Package: letltxmacro 2019/12/03 v1.6 Let assignment for LaTeX macros (HO)
) (/usr/share/texlive/texmf-dist/tex/latex/kvoptions/kvoptions.sty
Package: kvoptions 2020-10-07 v3.14 Key value format for package options (HO)
)
\@linkdim=\dimen274
\Hy@linkcounter=\count318
\Hy@pagecounter=\count319
(/usr/share/texlive/texmf-dist/tex/latex/hyperref/pd1enc.def
File: pd1enc.def 2021-06-07 v7.00m Hyperref: PDFDocEncoding definition (HO)
Now handling font encoding PD1 ...
... no UTF-8 mapping file for font encoding PD1
) (/usr/share/texlive/texmf-dist/tex/latex/hyperref/hyperref-langpatches.def
File: hyperref-langpatches.def 2021-06-07 v7.00m Hyperref: patches for babel la
nguages
) (/usr/share/texlive/texmf-dist/tex/generic/etexcmds/etexcmds.sty
Package: etexcmds 2019/12/15 v1.7 Avoid name clashes with e-TeX commands (HO)
)
\Hy@SavedSpaceFactor=\count320
(/usr/share/texlive/texmf-dist/tex/latex/hyperref/puenc.def
File: puenc.def 2021-06-07 v7.00m Hyperref: PDF Unicode definition (HO)
Now handling font encoding PU ...
... no UTF-8 mapping file for font encoding PU
)
Package hyperref Info: Option `unicode' set `true' on input line 4073.
Package hyperref Info: Hyper figures OFF on input line 4192.
Package hyperref Info: Link nesting OFF on input line 4197.
Package hyperref Info: Hyper index ON on input line 4200.
Package hyperref Info: Plain pages OFF on input line 4207.
Package hyperref Info: Backreferencing OFF on input line 4212.
Package hyperref Info: Implicit mode ON; LaTeX internals redefined.
Package hyperref Info: Bookmarks ON on input line 4445.
\c@Hy@tempcnt=\count321
(/usr/share/texlive/texmf-dist/tex/latex/url/url.sty
\Urlmuskip=\muskip17
Package: url 2013/09/16  ver 3.4  Verb mode for urls, etc.
)
LaTeX Info: Redefining \url on input line 4804.
\XeTeXLinkMargin=\dimen275
(/usr/share/texlive/texmf-dist/tex/generic/bitset/bitset.sty
Package: bitset 2019/12/09 v1.3 Handle bit-vector datatype (HO)
(/usr/share/texlive/texmf-dist/tex/generic/bigintcalc/bigintcalc.sty
Package: bigintcalc 2019/12/15 v1.5 Expandable calculations on big integers (HO
)
))
\Fld@menulength=\count322
\Field@Width=\dimen276
\Fld@charsize=\dimen277
Package hyperref Info: Hyper figures OFF on input line 6076.
Package hyperref Info: Link nesting OFF on input line 6081.
Package hyperref Info: Hyper index ON on input line 6084.
Package hyperref Info: backreferencing OFF on input line 6091.
Package hyperref Info: Link coloring OFF on input line 6096.
Package hyperref Info: Link coloring with OCG OFF on input line 6101.
Package hyperref Info: PDF/A mode OFF on input line 6106.
LaTeX Info: Redefining \ref on input line 6146.
LaTeX Info: Redefining \pageref on input line 6150.
(/usr/share/texlive/texmf-dist/tex/latex/base/atbegshi-ltx.sty
Package: atbegshi-ltx 2021/01/10 v1.0c Emulation of the original atbegshi
package with kernel methods
)
\Hy@abspage=\count323
\c@Item=\count324
\c@Hfootnote=\count325
)
Package hyperref Info: Driver (autodetected): hpdftex.
(/usr/share/texlive/texmf-dist/tex/latex/hyperref/hpdftex.def
File: hpdftex.def 2021-06-07 v7.00m Hyperref driver for pdfTeX
(/usr/share/texlive/texmf-dist/tex/latex/base/atveryend-ltx.sty
Package: atveryend-ltx 2020/08/19 v1.0a Emulation of the original atveryend pac
kage
with kernel methods
)
\Fld@listcount=\count326
\c@bookmark@seq@number=\count327
(/usr/share/texlive/texmf-dist/tex/latex/rerunfilecheck/rerunfilecheck.sty
Package: rerunfilecheck 2019/12/05 v1.9 Rerun checks for auxiliary files (HO)
(/usr/share/texlive/texmf-dist/tex/generic/uniquecounter/uniquecounter.sty
Package: uniquecounter 2019/12/15 v1.4 Provide unlimited unique counter (HO)
)
Package uniquecounter Info: New unique counter `rerunfilecheck' on input line 2
86.
)
\Hy@SectionHShift=\skip72
) (/usr/share/texlive/texmf-dist/tex/latex/bookmark/bkm-pdftex.def
File: bkm-pdftex.def 2020-11-06 v1.29 bookmark driver for pdfTeX (HO)
\BKM@id=\count328
)) (/usr/share/texlive/texmf-dist/tex/latex/xurl/xurl.sty
Package: xurl 2022/01/09 v 0.10 modify URL breaks
)
LaTeX Font Info:    Trying to load font information for T1+lmss on input line 1
65.
(/usr/share/texmf/tex/latex/lm/t1lmss.fd
File: t1lmss.fd 2009/10/30 v1.6 Font defs for Latin Modern
) (/usr/share/texlive/texmf-dist/tex/latex/l3backend/l3backend-pdftex.def
File: l3backend-pdftex.def 2022-01-12 L3 backend support: PDF output (pdfTeX)
\l__color_backend_stack_int=\count329
\l__pdf_internal_box=\box78
) (./Champis.aux)
\openout1 = `Champis.aux'.

LaTeX Font Info:    Checking defaults for OML/cmm/m/it on input line 165.
LaTeX Font Info:    ... okay on input line 165.
LaTeX Font Info:    Checking defaults for OMS/cmsy/m/n on input line 165.
LaTeX Font Info:    ... okay on input line 165.
LaTeX Font Info:    Checking defaults for OT1/cmr/m/n on input line 165.
LaTeX Font Info:    ... okay on input line 165.
LaTeX Font Info:    Checking defaults for T1/cmr/m/n on input line 165.
LaTeX Font Info:    ... okay on input line 165.
LaTeX Font Info:    Checking defaults for TS1/cmr/m/n on input line 165.
LaTeX Font Info:    ... okay on input line 165.
LaTeX Font Info:    Checking defaults for OMX/cmex/m/n on input line 165.
LaTeX Font Info:    ... okay on input line 165.
LaTeX Font Info:    Checking defaults for U/cmr/m/n on input line 165.
LaTeX Font Info:    ... okay on input line 165.
LaTeX Font Info:    Checking defaults for PD1/pdf/m/n on input line 165.
LaTeX Font Info:    ... okay on input line 165.
LaTeX Font Info:    Checking defaults for PU/pdf/m/n on input line 165.
LaTeX Font Info:    ... okay on input line 165.
LaTeX Info: Redefining \microtypecontext on input line 165.
Package microtype Info: Applying patch `item' on input line 165.
Package microtype Info: Applying patch `toc' on input line 165.
Package microtype Info: Applying patch `eqnum' on input line 165.
Package microtype Info: Applying patch `footnote' on input line 165.
Package microtype Info: Generating PDF output.
Package microtype Info: Character protrusion enabled (level 2).
Package microtype Info: Using protrusion set `basicmath'.
Package microtype Info: Automatic font expansion enabled (level 2),
(microtype)             stretch: 20, shrink: 20, step: 1, non-selected.
Package microtype Info: Using default expansion set `alltext-nott'.
LaTeX Info: Redefining \showhyphens on input line 165.
Package microtype Info: No adjustment of tracking.
Package microtype Info: No adjustment of interword spacing.
Package microtype Info: No adjustment of character kerning.
Package microtype Info: Loading generic protrusion settings for font family
(microtype)             `lmss' (encoding: T1).
(microtype)             For optimal results, create family-specific settings.
(microtype)             See the microtype manual for details.
(/usr/share/texlive/texmf-dist/tex/context/base/mkii/supp-pdf.mkii
[Loading MPS to PDF converter (version 2006.09.02).]
\scratchcounter=\count330
\scratchdimen=\dimen278
\scratchbox=\box79
\nofMPsegments=\count331
\nofMParguments=\count332
\everyMPshowfont=\toks47
\MPscratchCnt=\count333
\MPscratchDim=\dimen279
\MPnumerator=\count334
\makeMPintoPDFobject=\count335
\everyMPtoPDFconversion=\toks48
) (/usr/share/texlive/texmf-dist/tex/latex/epstopdf-pkg/epstopdf-base.sty
Package: epstopdf-base 2020-01-24 v2.11 Base part for package epstopdf
Package epstopdf-base Info: Redefining graphics rule for `.eps' on input line 4
85.
(/usr/share/texlive/texmf-dist/tex/latex/latexconfig/epstopdf-sys.cfg
File: epstopdf-sys.cfg 2010/07/13 v1.3 Configuration of (r)epstopdf for TeX Liv
e
))
*geometry* driver: auto-detecting
*geometry* detected driver: pdftex
*geometry* verbose mode - [ preamble ] result:
* driver: pdftex
* paper: <default>
* layout: <same size as paper>
* layoutoffset:(h,v)=(0.0pt,0.0pt)
* modes: 
* h-part:(L,W,R)=(71.13188pt, 472.03123pt, 71.13188pt)
* v-part:(T,H,B)=(42.67912pt, 695.38536pt, 56.9055pt)
* \paperwidth=614.295pt
* \paperheight=794.96999pt
* \textwidth=472.03123pt
* \textheight=695.38536pt
* \oddsidemargin=-1.1381pt
* \evensidemargin=-1.1381pt
* \topmargin=-66.59087pt
* \headheight=12.0pt
* \headsep=25.0pt
* \topskip=12.0pt
* \footskip=30.0pt
* \marginparwidth=44.0pt
* \marginparsep=10.0pt
* \columnsep=10.0pt
* \skip\footins=10.8pt plus 4.0pt minus 2.0pt
* \hoffset=0.0pt
* \voffset=0.0pt
* \mag=1000
* \@twocolumnfalse
* \@twosidefalse
* \@mparswitchfalse
* \@reversemarginfalse
* (1in=72.27pt=25.4mm, 1cm=28.453pt)

Package hyperref Info: Link coloring OFF on input line 165.
(/usr/share/texlive/texmf-dist/tex/latex/hyperref/nameref.sty
Package: nameref 2021-04-02 v2.47 Cross-referencing by name of section
(/usr/share/texlive/texmf-dist/tex/latex/refcount/refcount.sty
Package: refcount 2019/12/15 v3.6 Data extraction from label references (HO)
) (/usr/share/texlive/texmf-dist/tex/generic/gettitlestring/gettitlestring.sty
Package: gettitlestring 2019/12/15 v1.6 Cleanup title references (HO)
)
\c@section@level=\count336
)
LaTeX Info: Redefining \ref on input line 165.
LaTeX Info: Redefining \pageref on input line 165.
LaTeX Info: Redefining \nameref on input line 165.
LaTeX Font Info:    Trying to load font information for OML+lmm on input line 1
99.
(/usr/share/texmf/tex/latex/lm/omllmm.fd
File: omllmm.fd 2009/10/30 v1.6 Font defs for Latin Modern
)
LaTeX Font Info:    Trying to load font information for OMS+lmsy on input line 
199.
(/usr/share/texmf/tex/latex/lm/omslmsy.fd
File: omslmsy.fd 2009/10/30 v1.6 Font defs for Latin Modern
)
LaTeX Font Info:    Trying to load font information for OMX+lmex on input line 
199.
(/usr/share/texmf/tex/latex/lm/omxlmex.fd
File: omxlmex.fd 2009/10/30 v1.6 Font defs for Latin Modern
)
LaTeX Font Info:    External font `lmex10' loaded for size
(Font)              <12> on input line 199.
LaTeX Font Info:    External font `lmex10' loaded for size
(Font)              <8> on input line 199.
LaTeX Font Info:    External font `lmex10' loaded for size
(Font)              <6> on input line 199.
LaTeX Font Info:    Trying to load font information for U+msa on input line 199
.
(/usr/share/texlive/texmf-dist/tex/latex/amsfonts/umsa.fd
File: umsa.fd 2013/01/14 v3.01 AMS symbols A
) (/usr/share/texlive/texmf-dist/tex/latex/microtype/mt-msa.cfg
File: mt-msa.cfg 2006/02/04 v1.1 microtype config. file: AMS symbols (a) (RS)
)
LaTeX Font Info:    Trying to load font information for U+msb on input line 199
.
(/usr/share/texlive/texmf-dist/tex/latex/amsfonts/umsb.fd
File: umsb.fd 2013/01/14 v3.01 AMS symbols B
) (/usr/share/texlive/texmf-dist/tex/latex/microtype/mt-msb.cfg
File: mt-msb.cfg 2005/06/01 v1.0 microtype config. file: AMS symbols (b) (RS)
)
Underfull \hbox (badness 10000) in paragraph at lines 199--213

 []


Underfull \hbox (badness 10000) in paragraph at lines 199--213

 []


Underfull \hbox (badness 10000) in paragraph at lines 199--213

 []


Underfull \hbox (badness 10000) in paragraph at lines 199--213

 []

[1

{/var/lib/texmf/fonts/map/pdftex/updmap/pdftex.map}]

pdfTeX warning: pdflatex (file ./fac-enseignants2022.pdf): PDF inclusion: found
 PDF version <1.6>, but at most version <1.5> allowed
<fac-enseignants2022.pdf, id=14, 597.55246pt x 845.07718pt>
File: fac-enseignants2022.pdf Graphic file (type pdf)
<use fac-enseignants2022.pdf>
Package pdftex.def Info: fac-enseignants2022.pdf  used on input line 216.
(pdftex.def)             Requested size: 472.04303pt x 667.57787pt.


pdfTeX warning: pdflatex (file ./fac-enseignants2022.pdf): PDF inclusion: found
 PDF version <1.6>, but at most version <1.5> allowed
File: fac-enseignants2022.pdf Graphic file (type pdf)
<use fac-enseignants2022.pdf>
Package pdftex.def Info: fac-enseignants2022.pdf  used on input line 216.
(pdftex.def)             Requested size: 472.04303pt x 667.57787pt.


pdfTeX warning: pdflatex (file ./fac-enseignants2022.pdf): PDF inclusion: found
 PDF version <1.6>, but at most version <1.5> allowed


pdfTeX warning: pdflatex (file ./fac-enseignants2022.pdf): PDF inclusion: found
 PDF version <1.6>, but at most version <1.5> allowed
<fac-enseignants2022.pdf, id=17, page=1, 597.55246pt x 845.07718pt>
File: fac-enseignants2022.pdf Graphic file (type pdf)
<use fac-enseignants2022.pdf, page 1>
Package pdftex.def Info: fac-enseignants2022.pdf , page1 used on input line 216
.
(pdftex.def)             Requested size: 597.551pt x 845.07512pt.
File: fac-enseignants2022.pdf Graphic file (type pdf)
<use fac-enseignants2022.pdf, page 1>
Package pdftex.def Info: fac-enseignants2022.pdf , page1 used on input line 216
.
(pdftex.def)             Requested size: 562.1644pt x 795.0303pt.
[2]
File: fac-enseignants2022.pdf Graphic file (type pdf)
<use fac-enseignants2022.pdf, page 1>
Package pdftex.def Info: fac-enseignants2022.pdf , page1 used on input line 216
.
(pdftex.def)             Requested size: 562.1644pt x 795.0303pt.
File: fac-enseignants2022.pdf Graphic file (type pdf)
<use fac-enseignants2022.pdf, page 1>
Package pdftex.def Info: fac-enseignants2022.pdf , page1 used on input line 216
.
(pdftex.def)             Requested size: 562.1644pt x 795.0303pt.
File: fac-enseignants2022.pdf Graphic file (type pdf)
<use fac-enseignants2022.pdf, page 1>
Package pdftex.def Info: fac-enseignants2022.pdf , page1 used on input line 216
.
(pdftex.def)             Requested size: 562.1644pt x 795.0303pt.
[3 <./fac-enseignants2022.pdf>]

pdfTeX warning: pdflatex (file ./fac-enseignants2022.pdf): PDF inclusion: found
 PDF version <1.6>, but at most version <1.5> allowed
<fac-enseignants2022.pdf, id=46, page=2, 597.55246pt x 845.07718pt>
File: fac-enseignants2022.pdf Graphic file (type pdf)
<use fac-enseignants2022.pdf, page 2>
Package pdftex.def Info: fac-enseignants2022.pdf , page2 used on input line 216
.
(pdftex.def)             Requested size: 562.1644pt x 795.0303pt.
File: fac-enseignants2022.pdf Graphic file (type pdf)
<use fac-enseignants2022.pdf, page 2>
Package pdftex.def Info: fac-enseignants2022.pdf , page2 used on input line 216
.
(pdftex.def)             Requested size: 562.1644pt x 795.0303pt.
File: fac-enseignants2022.pdf Graphic file (type pdf)
<use fac-enseignants2022.pdf, page 2>
Package pdftex.def Info: fac-enseignants2022.pdf , page2 used on input line 216
.
(pdftex.def)             Requested size: 562.1644pt x 795.0303pt.
[4 <./fac-enseignants2022.pdf>]

pdfTeX warning: pdflatex (file ./fac-enseignants2022.pdf): PDF inclusion: found
 PDF version <1.6>, but at most version <1.5> allowed
<fac-enseignants2022.pdf, id=51, page=3, 597.55246pt x 845.07718pt>
File: fac-enseignants2022.pdf Graphic file (type pdf)
<use fac-enseignants2022.pdf, page 3>
Package pdftex.def Info: fac-enseignants2022.pdf , page3 used on input line 216
.
(pdftex.def)             Requested size: 562.1644pt x 795.0303pt.
File: fac-enseignants2022.pdf Graphic file (type pdf)
<use fac-enseignants2022.pdf, page 3>
Package pdftex.def Info: fac-enseignants2022.pdf , page3 used on input line 216
.
(pdftex.def)             Requested size: 562.1644pt x 795.0303pt.
File: fac-enseignants2022.pdf Graphic file (type pdf)
<use fac-enseignants2022.pdf, page 3>
Package pdftex.def Info: fac-enseignants2022.pdf , page3 used on input line 216
.
(pdftex.def)             Requested size: 562.1644pt x 795.0303pt.
[5 <./fac-enseignants2022.pdf>]

pdfTeX warning: pdflatex (file ./fac-enseignants2022.pdf): PDF inclusion: found
 PDF version <1.6>, but at most version <1.5> allowed
<fac-enseignants2022.pdf, id=56, page=4, 597.55246pt x 845.07718pt>
File: fac-enseignants2022.pdf Graphic file (type pdf)
<use fac-enseignants2022.pdf, page 4>
Package pdftex.def Info: fac-enseignants2022.pdf , page4 used on input line 216
.
(pdftex.def)             Requested size: 562.1644pt x 795.0303pt.
File: fac-enseignants2022.pdf Graphic file (type pdf)
<use fac-enseignants2022.pdf, page 4>
Package pdftex.def Info: fac-enseignants2022.pdf , page4 used on input line 216
.
(pdftex.def)             Requested size: 562.1644pt x 795.0303pt.
File: fac-enseignants2022.pdf Graphic file (type pdf)
<use fac-enseignants2022.pdf, page 4>
Package pdftex.def Info: fac-enseignants2022.pdf , page4 used on input line 216
.
(pdftex.def)             Requested size: 562.1644pt x 795.0303pt.
[6 <./fac-enseignants2022.pdf>]

pdfTeX warning: pdflatex (file ./fac-enseignants2022.pdf): PDF inclusion: found
 PDF version <1.6>, but at most version <1.5> allowed
<fac-enseignants2022.pdf, id=61, page=5, 597.55246pt x 845.07718pt>
File: fac-enseignants2022.pdf Graphic file (type pdf)
<use fac-enseignants2022.pdf, page 5>
Package pdftex.def Info: fac-enseignants2022.pdf , page5 used on input line 216
.
(pdftex.def)             Requested size: 562.1644pt x 795.0303pt.
File: fac-enseignants2022.pdf Graphic file (type pdf)
<use fac-enseignants2022.pdf, page 5>
Package pdftex.def Info: fac-enseignants2022.pdf , page5 used on input line 216
.
(pdftex.def)             Requested size: 562.1644pt x 795.0303pt.
File: fac-enseignants2022.pdf Graphic file (type pdf)
<use fac-enseignants2022.pdf, page 5>
Package pdftex.def Info: fac-enseignants2022.pdf , page5 used on input line 216
.
(pdftex.def)             Requested size: 562.1644pt x 795.0303pt.
[7 <./fac-enseignants2022.pdf>]

pdfTeX warning: pdflatex (file ./fac-enseignants2022.pdf): PDF inclusion: found
 PDF version <1.6>, but at most version <1.5> allowed
<fac-enseignants2022.pdf, id=67, page=6, 597.55246pt x 845.07718pt>
File: fac-enseignants2022.pdf Graphic file (type pdf)
<use fac-enseignants2022.pdf, page 6>
Package pdftex.def Info: fac-enseignants2022.pdf , page6 used on input line 216
.
(pdftex.def)             Requested size: 562.1644pt x 795.0303pt.
File: fac-enseignants2022.pdf Graphic file (type pdf)
<use fac-enseignants2022.pdf, page 6>
Package pdftex.def Info: fac-enseignants2022.pdf , page6 used on input line 216
.
(pdftex.def)             Requested size: 562.1644pt x 795.0303pt.
File: fac-enseignants2022.pdf Graphic file (type pdf)
<use fac-enseignants2022.pdf, page 6>
Package pdftex.def Info: fac-enseignants2022.pdf , page6 used on input line 216
.
(pdftex.def)             Requested size: 562.1644pt x 795.0303pt.
[8 <./fac-enseignants2022.pdf>]

pdfTeX warning: pdflatex (file ./fac-enseignants2022.pdf): PDF inclusion: found
 PDF version <1.6>, but at most version <1.5> allowed
<fac-enseignants2022.pdf, id=72, page=7, 597.55246pt x 845.07718pt>
File: fac-enseignants2022.pdf Graphic file (type pdf)
<use fac-enseignants2022.pdf, page 7>
Package pdftex.def Info: fac-enseignants2022.pdf , page7 used on input line 216
.
(pdftex.def)             Requested size: 562.1644pt x 795.0303pt.
File: fac-enseignants2022.pdf Graphic file (type pdf)
<use fac-enseignants2022.pdf, page 7>
Package pdftex.def Info: fac-enseignants2022.pdf , page7 used on input line 216
.
(pdftex.def)             Requested size: 562.1644pt x 795.0303pt.
File: fac-enseignants2022.pdf Graphic file (type pdf)
<use fac-enseignants2022.pdf, page 7>
Package pdftex.def Info: fac-enseignants2022.pdf , page7 used on input line 216
.
(pdftex.def)             Requested size: 562.1644pt x 795.0303pt.
[9 <./fac-enseignants2022.pdf>] [10]

pdfTeX warning: pdflatex (file ./fac-disclaimer.pdf): PDF inclusion: found PDF 
version <1.6>, but at most version <1.5> allowed
<fac-disclaimer.pdf, id=81, 597.53635pt x 845.04686pt>
File: fac-disclaimer.pdf Graphic file (type pdf)
<use fac-disclaimer.pdf>
Package pdftex.def Info: fac-disclaimer.pdf  used on input line 221.
(pdftex.def)             Requested size: 472.0303pt x 667.55392pt.


pdfTeX warning: pdflatex (file ./fac-disclaimer.pdf): PDF inclusion: found PDF 
version <1.6>, but at most version <1.5> allowed
File: fac-disclaimer.pdf Graphic file (type pdf)
<use fac-disclaimer.pdf>
Package pdftex.def Info: fac-disclaimer.pdf  used on input line 221.
(pdftex.def)             Requested size: 472.0303pt x 667.55392pt.


pdfTeX warning: pdflatex (file ./fac-disclaimer.pdf): PDF inclusion: found PDF 
version <1.6>, but at most version <1.5> allowed


pdfTeX warning: pdflatex (file ./fac-disclaimer.pdf): PDF inclusion: found PDF 
version <1.6>, but at most version <1.5> allowed
<fac-disclaimer.pdf, id=84, page=1, 597.53635pt x 845.04686pt>
File: fac-disclaimer.pdf Graphic file (type pdf)
<use fac-disclaimer.pdf, page 1>
Package pdftex.def Info: fac-disclaimer.pdf , page1 used on input line 221.
(pdftex.def)             Requested size: 597.53488pt x 845.0448pt.
File: fac-disclaimer.pdf Graphic file (type pdf)
<use fac-disclaimer.pdf, page 1>
Package pdftex.def Info: fac-disclaimer.pdf , page1 used on input line 221.
(pdftex.def)             Requested size: 562.14925pt x 795.00179pt.
File: fac-disclaimer.pdf Graphic file (type pdf)
<use fac-disclaimer.pdf, page 1>
Package pdftex.def Info: fac-disclaimer.pdf , page1 used on input line 221.
(pdftex.def)             Requested size: 562.14925pt x 795.00179pt.
File: fac-disclaimer.pdf Graphic file (type pdf)
<use fac-disclaimer.pdf, page 1>
Package pdftex.def Info: fac-disclaimer.pdf , page1 used on input line 221.
(pdftex.def)             Requested size: 562.14925pt x 795.00179pt.
File: fac-disclaimer.pdf Graphic file (type pdf)
<use fac-disclaimer.pdf, page 1>
Package pdftex.def Info: fac-disclaimer.pdf , page1 used on input line 221.
(pdftex.def)             Requested size: 562.14925pt x 795.00179pt.
[11 <./fac-disclaimer.pdf>] [12] (/usr/share/texlive/texmf-dist/tex/latex/micro
type/mt-cmr.cfg
File: mt-cmr.cfg 2013/05/19 v2.2 microtype config. file: Computer Modern Roman 
(RS)
) [13] [14] (./Champis.toc [15])
\tf@toc=\write5
\openout5 = `Champis.toc'.

[16]
LaTeX Font Info:    Font shape `T1/lmss/m/it' in size <12> not available
(Font)              Font shape `T1/lmss/m/sl' tried instead on input line 265.
LaTeX Font Info:    Trying to load font information for TS1+lmss on input line 
301.
(/usr/share/texmf/tex/latex/lm/ts1lmss.fd
File: ts1lmss.fd 2009/10/30 v1.6 Font defs for Latin Modern
) [17] [18] [19] [20] [21]
<AnatomieChampis.jpg, id=304, 2850.65pt x 1629.08624pt>
File: AnatomieChampis.jpg Graphic file (type jpg)
<use AnatomieChampis.jpg>
Package pdftex.def Info: AnatomieChampis.jpg  used on input line 433.
(pdftex.def)             Requested size: 472.03336pt x 269.75708pt.
[22 <./AnatomieChampis.jpg>] [23]
<Champis_files/figure-latex/Lots-Chrono-1.pdf, id=329, 459.7175pt x 277.035pt>
File: Champis_files/figure-latex/Lots-Chrono-1.pdf Graphic file (type pdf)
<use Champis_files/figure-latex/Lots-Chrono-1.pdf>
Package pdftex.def Info: Champis_files/figure-latex/Lots-Chrono-1.pdf  used on 
input line 549.
(pdftex.def)             Requested size: 459.71637pt x 277.03432pt.
[24 <./Champis_files/figure-latex/Lots-Chrono-1.pdf>]
<Champis_files/figure-latex/Lots-DistribSym-1.pdf, id=350, 459.7175pt x 204.765
pt>
File: Champis_files/figure-latex/Lots-DistribSym-1.pdf Graphic file (type pdf)
<use Champis_files/figure-latex/Lots-DistribSym-1.pdf>
Package pdftex.def Info: Champis_files/figure-latex/Lots-DistribSym-1.pdf  used
 on input line 589.
(pdftex.def)             Requested size: 459.74442pt x 204.77698pt.
<Champis_files/figure-latex/Lots-DistribAsym-1.pdf, id=351, 462.72874pt x 204.7
65pt>
File: Champis_files/figure-latex/Lots-DistribAsym-1.pdf Graphic file (type pdf)

<use Champis_files/figure-latex/Lots-DistribAsym-1.pdf>
Package pdftex.def Info: Champis_files/figure-latex/Lots-DistribAsym-1.pdf  use
d on input line 595.
(pdftex.def)             Requested size: 462.73466pt x 204.7676pt.
[25 <./Champis_files/figure-latex/Lots-DistribSym-1.pdf>]
<Champis_files/figure-latex/Lots-LoisBeta-1.pdf, id=372, 453.695pt x 277.035pt>

File: Champis_files/figure-latex/Lots-LoisBeta-1.pdf Graphic file (type pdf)
<use Champis_files/figure-latex/Lots-LoisBeta-1.pdf>
Package pdftex.def Info: Champis_files/figure-latex/Lots-LoisBeta-1.pdf  used o
n input line 617.
(pdftex.def)             Requested size: 453.6939pt x 277.03432pt.
<Champis_files/figure-latex/Lots-Dispersion2D-1.jpeg, id=375, 460.119pt x 207.1
74pt>
File: Champis_files/figure-latex/Lots-Dispersion2D-1.jpeg Graphic file (type jp
g)
<use Champis_files/figure-latex/Lots-Dispersion2D-1.jpeg>
Package pdftex.def Info: Champis_files/figure-latex/Lots-Dispersion2D-1.jpeg  u
sed on input line 639.
(pdftex.def)             Requested size: 460.11787pt x 207.17348pt.
[26 <./Champis_files/figure-latex/Lots-DistribAsym-1.pdf>] [27 <./Champis_files
/figure-latex/Lots-LoisBeta-1.pdf> <./Champis_files/figure-latex/Lots-Dispersio
n2D-1.jpeg>]
<Champis_files/figure-latex/Lots-DispersionDensite-1.pdf, id=406, 453.695pt x 2
79.0425pt>
File: Champis_files/figure-latex/Lots-DispersionDensite-1.pdf Graphic file (typ
e pdf)
<use Champis_files/figure-latex/Lots-DispersionDensite-1.pdf>
Package pdftex.def Info: Champis_files/figure-latex/Lots-DispersionDensite-1.pd
f  used on input line 649.
(pdftex.def)             Requested size: 453.6939pt x 279.04181pt.
<Champis_files/figure-latex/HorsNormes-1.pdf, id=408, 459.7175pt x 206.7725pt>
File: Champis_files/figure-latex/HorsNormes-1.pdf Graphic file (type pdf)
<use Champis_files/figure-latex/HorsNormes-1.pdf>
Package pdftex.def Info: Champis_files/figure-latex/HorsNormes-1.pdf  used on i
nput line 661.
(pdftex.def)             Requested size: 459.7304pt x 206.77829pt.
[28 <./Champis_files/figure-latex/Lots-DispersionDensite-1.pdf>] [29 <./Champis
_files/figure-latex/HorsNormes-1.pdf>] [30]
LaTeX Font Info:    External font `lmex10' loaded for size
(Font)              <10> on input line 720.
LaTeX Font Info:    External font `lmex10' loaded for size
(Font)              <7> on input line 720.
LaTeX Font Info:    External font `lmex10' loaded for size
(Font)              <5> on input line 720.
[31]
<Split-Jeux.pdf, id=473, 330.67712pt x 142.26378pt>
File: Split-Jeux.pdf Graphic file (type pdf)
<use Split-Jeux.pdf>
Package pdftex.def Info: Split-Jeux.pdf  used on input line 750.
(pdftex.def)             Requested size: 330.70659pt x 142.27644pt.
[32 <./Split-Jeux.pdf>]
<Cross-Validation.pdf, id=495, 352.13249pt x 199.1693pt>
File: Cross-Validation.pdf Graphic file (type pdf)
<use Cross-Validation.pdf>
Package pdftex.def Info: Cross-Validation.pdf  used on input line 802.
(pdftex.def)             Requested size: 352.1531pt x 199.18094pt.
[33 <./Cross-Validation.pdf>]
LaTeX Font Info:    Font shape `T1/lmss/m/it' in size <10> not available
(Font)              Font shape `T1/lmss/m/sl' tried instead on input line 823.
<LDA.pdf, id=524, 1933.56142pt x 892.42699pt>
File: LDA.pdf Graphic file (type pdf)
<use LDA.pdf>
Package pdftex.def Info: LDA.pdf  used on input line 828.
(pdftex.def)             Requested size: 472.03023pt x 217.86353pt.
[34 <./LDA.pdf>] [35]
<Champis_files/figure-latex/LDA-MinMax-1.pdf, id=560, 453.695pt x 170.6375pt>
File: Champis_files/figure-latex/LDA-MinMax-1.pdf Graphic file (type pdf)
<use Champis_files/figure-latex/LDA-MinMax-1.pdf>
Package pdftex.def Info: Champis_files/figure-latex/LDA-MinMax-1.pdf  used on i
nput line 959.
(pdftex.def)             Requested size: 453.6939pt x 170.63707pt.
[36]
<Champis_files/figure-latex/LDA-Separation-1.pdf, id=569, 453.695pt x 168.63pt>

File: Champis_files/figure-latex/LDA-Separation-1.pdf Graphic file (type pdf)
<use Champis_files/figure-latex/LDA-Separation-1.pdf>
Package pdftex.def Info: Champis_files/figure-latex/LDA-Separation-1.pdf  used 
on input line 965.
(pdftex.def)             Requested size: 453.6939pt x 168.62958pt.
[37 <./Champis_files/figure-latex/LDA-MinMax-1.pdf> <./Champis_files/figure-lat
ex/LDA-Separation-1.pdf>] [38]
<IrisCARTArbre.pdf, id=620, 216.81pt x 216.81pt>
File: IrisCARTArbre.pdf Graphic file (type pdf)
<use IrisCARTArbre.pdf>
Package pdftex.def Info: IrisCARTArbre.pdf  used on input line 1065.
(pdftex.def)             Requested size: 216.81938pt x 216.81938pt.
<IrisCARTGraphe.pdf, id=621, 252.945pt x 216.81pt>
File: IrisCARTGraphe.pdf Graphic file (type pdf)
<use IrisCARTGraphe.pdf>
Package pdftex.def Info: IrisCARTGraphe.pdf  used on input line 1069.
(pdftex.def)             Requested size: 231.29959pt x 198.25679pt.
[39]
<IntroChampisCART2Arbre.pdf, id=637, 578.16pt x 361.35pt>
File: IntroChampisCART2Arbre.pdf Graphic file (type pdf)
<use IntroChampisCART2Arbre.pdf>
Package pdftex.def Info: IntroChampisCART2Arbre.pdf  used on input line 1079.
(pdftex.def)             Requested size: 472.02992pt x 295.0187pt.
<IntroChampisCART1Arbre.pdf, id=638, 578.16pt x 722.7pt>
File: IntroChampisCART1Arbre.pdf Graphic file (type pdf)
<use IntroChampisCART1Arbre.pdf>
Package pdftex.def Info: IntroChampisCART1Arbre.pdf  used on input line 1086.
(pdftex.def)             Requested size: 472.02992pt x 590.0374pt.
[40 <./IrisCARTArbre.pdf> <./IrisCARTGraphe.pdf> <./IntroChampisCART2Arbre.pdf>
] [41 <./IntroChampisCART1Arbre.pdf>] [42

]
<RandomForest.pdf, id=691, 415.17949pt x 331.3275pt>
File: RandomForest.pdf Graphic file (type pdf)
<use RandomForest.pdf>
Package pdftex.def Info: RandomForest.pdf  used on input line 1147.
(pdftex.def)             Requested size: 415.19115pt x 331.33678pt.
[43 <./RandomForest.pdf>]
<Champis_files/figure-latex/Carres-Latins-1.pdf, id=747, 461.725pt x 173.64874p
t>
File: Champis_files/figure-latex/Carres-Latins-1.pdf Graphic file (type pdf)
<use Champis_files/figure-latex/Carres-Latins-1.pdf>
Package pdftex.def Info: Champis_files/figure-latex/Carres-Latins-1.pdf  used o
n input line 1202.
(pdftex.def)             Requested size: 461.72388pt x 173.64832pt.
[44] [45 <./Champis_files/figure-latex/Carres-Latins-1.pdf>]
<Matrice-Confusion.pdf, id=776, 278.63234pt x 278.54167pt>
File: Matrice-Confusion.pdf Graphic file (type pdf)
<use Matrice-Confusion.pdf>
Package pdftex.def Info: Matrice-Confusion.pdf  used on input line 1270.
(pdftex.def)             Requested size: 278.64015pt x 278.54948pt.
[46] [47 <./Matrice-Confusion.pdf>] [48]
<Champis_files/figure-latex/EDA-distrib-1.pdf, id=854, 446.66875pt x 152.57pt>
File: Champis_files/figure-latex/EDA-distrib-1.pdf Graphic file (type pdf)
<use Champis_files/figure-latex/EDA-distrib-1.pdf>
Package pdftex.def Info: Champis_files/figure-latex/EDA-distrib-1.pdf  used on 
input line 1421.
(pdftex.def)             Requested size: 446.67445pt x 152.57195pt.
<Champis_files/figure-latex/EDA-distrib-log-1.pdf, id=855, 446.66875pt x 152.57
pt>
File: Champis_files/figure-latex/EDA-distrib-log-1.pdf Graphic file (type pdf)
<use Champis_files/figure-latex/EDA-distrib-log-1.pdf>
Package pdftex.def Info: Champis_files/figure-latex/EDA-distrib-log-1.pdf  used
 on input line 1427.
(pdftex.def)             Requested size: 446.67445pt x 152.57195pt.
[49 <./Champis_files/figure-latex/EDA-distrib-1.pdf>] [50 <./Champis_files/figu
re-latex/EDA-distrib-log-1.pdf>]
<Champis_files/figure-latex/EDA-bidistrib-1.jpeg, id=898, 459.316pt x 454.498pt
>
File: Champis_files/figure-latex/EDA-bidistrib-1.jpeg Graphic file (type jpg)
<use Champis_files/figure-latex/EDA-bidistrib-1.jpeg>
Package pdftex.def Info: Champis_files/figure-latex/EDA-bidistrib-1.jpeg  used 
on input line 1463.
(pdftex.def)             Requested size: 459.31487pt x 454.49687pt.
[51] [52 <./Champis_files/figure-latex/EDA-bidistrib-1.jpeg>] [53]
Underfull \hbox (badness 10000) in paragraph at lines 1578--1579

 []

[54]
<Champis_files/figure-latex/BIldapda-1.pdf, id=973, 453.695pt x 204.765pt>
File: Champis_files/figure-latex/BIldapda-1.pdf Graphic file (type pdf)
<use Champis_files/figure-latex/BIldapda-1.pdf>
Package pdftex.def Info: Champis_files/figure-latex/BIldapda-1.pdf  used on inp
ut line 1583.
(pdftex.def)             Requested size: 453.6939pt x 204.76448pt.
[55 <./Champis_files/figure-latex/BIldapda-1.pdf>]
<Champis_files/figure-latex/BIrpart-1.pdf, id=994, 453.695pt x 206.7725pt>
File: Champis_files/figure-latex/BIrpart-1.pdf Graphic file (type pdf)
<use Champis_files/figure-latex/BIrpart-1.pdf>
Package pdftex.def Info: Champis_files/figure-latex/BIrpart-1.pdf  used on inpu
t line 1651.
(pdftex.def)             Requested size: 453.6939pt x 206.77199pt.
[56 <./Champis_files/figure-latex/BIrpart-1.pdf>]
<Champis_files/figure-latex/BIrpartcostSenSpe-1.jpeg, id=1013, 457.71pt x 271.4
14pt>
File: Champis_files/figure-latex/BIrpartcostSenSpe-1.jpeg Graphic file (type jp
g)
<use Champis_files/figure-latex/BIrpartcostSenSpe-1.jpeg>
Package pdftex.def Info: Champis_files/figure-latex/BIrpartcostSenSpe-1.jpeg  u
sed on input line 1681.
(pdftex.def)             Requested size: 457.71587pt x 271.41747pt.
<Champis_files/figure-latex/unnamed-chunk-1-1.jpeg, id=1014, 359.744pt x 277.03
5pt>
File: Champis_files/figure-latex/unnamed-chunk-1-1.jpeg Graphic file (type jpg)

<use Champis_files/figure-latex/unnamed-chunk-1-1.jpeg>
Package pdftex.def Info: Champis_files/figure-latex/unnamed-chunk-1-1.jpeg  use
d on input line 1687.
(pdftex.def)             Requested size: 359.74312pt x 277.03432pt.
[57 <./Champis_files/figure-latex/BIrpartcostSenSpe-1.jpeg>] [58 <./Champis_fil
es/figure-latex/unnamed-chunk-1-1.jpeg>] [59]
<Champis_files/figure-latex/unnamed-chunk-2-1.pdf, id=1045, 453.695pt x 206.772
5pt>
File: Champis_files/figure-latex/unnamed-chunk-2-1.pdf Graphic file (type pdf)
<use Champis_files/figure-latex/unnamed-chunk-2-1.pdf>
Package pdftex.def Info: Champis_files/figure-latex/unnamed-chunk-2-1.pdf  used
 on input line 1790.
(pdftex.def)             Requested size: 453.6939pt x 206.77199pt.
<Champis_files/figure-latex/unnamed-chunk-3-1.jpeg, id=1046, 460.119pt x 271.41
4pt>
File: Champis_files/figure-latex/unnamed-chunk-3-1.jpeg Graphic file (type jpg)

<use Champis_files/figure-latex/unnamed-chunk-3-1.jpeg>
Package pdftex.def Info: Champis_files/figure-latex/unnamed-chunk-3-1.jpeg  use
d on input line 1812.
(pdftex.def)             Requested size: 460.1249pt x 271.41747pt.
<Champis_files/figure-latex/unnamed-chunk-4-1.jpeg, id=1047, 359.744pt x 277.03
5pt>
File: Champis_files/figure-latex/unnamed-chunk-4-1.jpeg Graphic file (type jpg)

<use Champis_files/figure-latex/unnamed-chunk-4-1.jpeg>
Package pdftex.def Info: Champis_files/figure-latex/unnamed-chunk-4-1.jpeg  use
d on input line 1818.
(pdftex.def)             Requested size: 359.74312pt x 277.03432pt.
[60 <./Champis_files/figure-latex/unnamed-chunk-2-1.pdf>] [61 <./Champis_files/
figure-latex/unnamed-chunk-3-1.jpeg>] [62 <./Champis_files/figure-latex/unnamed
-chunk-4-1.jpeg>]
<Champis_files/figure-latex/BI-ranger-gini-1.jpeg, id=1079, 460.119pt x 271.414
pt>
File: Champis_files/figure-latex/BI-ranger-gini-1.jpeg Graphic file (type jpg)
<use Champis_files/figure-latex/BI-ranger-gini-1.jpeg>
Package pdftex.def Info: Champis_files/figure-latex/BI-ranger-gini-1.jpeg  used
 on input line 1873.
(pdftex.def)             Requested size: 460.1249pt x 271.41747pt.
<Champis_files/figure-latex/BI-ranger-ET-1.jpeg, id=1080, 460.119pt x 271.414pt
>
File: Champis_files/figure-latex/BI-ranger-ET-1.jpeg Graphic file (type jpg)
<use Champis_files/figure-latex/BI-ranger-ET-1.jpeg>
Package pdftex.def Info: Champis_files/figure-latex/BI-ranger-ET-1.jpeg  used o
n input line 1879.
(pdftex.def)             Requested size: 460.1249pt x 271.41747pt.
<Champis_files/figure-latex/BI-ranger-Jw-1.jpeg, id=1081, 460.119pt x 271.414pt
>
File: Champis_files/figure-latex/BI-ranger-Jw-1.jpeg Graphic file (type jpg)
<use Champis_files/figure-latex/BI-ranger-Jw-1.jpeg>
Package pdftex.def Info: Champis_files/figure-latex/BI-ranger-Jw-1.jpeg  used o
n input line 1885.
(pdftex.def)             Requested size: 460.1249pt x 271.41747pt.
[63

] [64 <./Champis_files/figure-latex/BI-ranger-gini-1.jpeg> <./Champis_files/fig
ure-latex/BI-ranger-ET-1.jpeg>] [65 <./Champis_files/figure-latex/BI-ranger-Jw-
1.jpeg>] [66]

LaTeX Warning: `!h' float specifier changed to `!ht'.

[67] [68]
<Champis_files/figure-latex/unnamed-chunk-6-1.pdf, id=1143, 459.7175pt x 279.04
25pt>
File: Champis_files/figure-latex/unnamed-chunk-6-1.pdf Graphic file (type pdf)
<use Champis_files/figure-latex/unnamed-chunk-6-1.pdf>
Package pdftex.def Info: Champis_files/figure-latex/unnamed-chunk-6-1.pdf  used
 on input line 2046.
(pdftex.def)             Requested size: 459.7304pt x 279.05032pt.
[69 <./Champis_files/figure-latex/unnamed-chunk-6-1.pdf>]
<Champis_files/figure-latex/unnamed-chunk-7-1.jpeg, id=1162, 460.119pt x 271.41
4pt>
File: Champis_files/figure-latex/unnamed-chunk-7-1.jpeg Graphic file (type jpg)

<use Champis_files/figure-latex/unnamed-chunk-7-1.jpeg>
Package pdftex.def Info: Champis_files/figure-latex/unnamed-chunk-7-1.jpeg  use
d on input line 2063.
(pdftex.def)             Requested size: 460.1249pt x 271.41747pt.
<Champis_files/figure-latex/unnamed-chunk-9-1.jpeg, id=1163, 359.744pt x 279.44
4pt>
File: Champis_files/figure-latex/unnamed-chunk-9-1.jpeg Graphic file (type jpg)

<use Champis_files/figure-latex/unnamed-chunk-9-1.jpeg>
Package pdftex.def Info: Champis_files/figure-latex/unnamed-chunk-9-1.jpeg  use
d on input line 2088.
(pdftex.def)             Requested size: 359.7486pt x 279.44757pt.
[70 <./Champis_files/figure-latex/unnamed-chunk-7-1.jpeg>]
Overfull \hbox (735.99582pt too wide) in paragraph at lines 2128--2261
 [][] 
 []


LaTeX Warning: `!h' float specifier changed to `!ht'.

[71 <./Champis_files/figure-latex/unnamed-chunk-9-1.jpeg>]

LaTeX Warning: `!h' float specifier changed to `!ht'.

[72] [73]
<Champis_files/figure-latex/unnamed-chunk-12-1.pdf, id=1197, 459.7175pt x 282.0
5376pt>
File: Champis_files/figure-latex/unnamed-chunk-12-1.pdf Graphic file (type pdf)

<use Champis_files/figure-latex/unnamed-chunk-12-1.pdf>
Package pdftex.def Info: Champis_files/figure-latex/unnamed-chunk-12-1.pdf  use
d on input line 2310.
(pdftex.def)             Requested size: 459.74442pt x 282.07027pt.
<Champis_files/figure-latex/unnamed-chunk-13-1.jpeg, id=1198, 460.119pt x 271.4
14pt>
File: Champis_files/figure-latex/unnamed-chunk-13-1.jpeg Graphic file (type jpg
)
<use Champis_files/figure-latex/unnamed-chunk-13-1.jpeg>
Package pdftex.def Info: Champis_files/figure-latex/unnamed-chunk-13-1.jpeg  us
ed on input line 2330.
(pdftex.def)             Requested size: 460.1249pt x 271.41747pt.
[74 <./Champis_files/figure-latex/unnamed-chunk-12-1.pdf>]
<Champis_files/figure-latex/unnamed-chunk-15-1.jpeg, id=1217, 359.744pt x 279.4
44pt>
File: Champis_files/figure-latex/unnamed-chunk-15-1.jpeg Graphic file (type jpg
)
<use Champis_files/figure-latex/unnamed-chunk-15-1.jpeg>
Package pdftex.def Info: Champis_files/figure-latex/unnamed-chunk-15-1.jpeg  us
ed on input line 2360.
(pdftex.def)             Requested size: 359.7486pt x 279.44757pt.
[75 <./Champis_files/figure-latex/unnamed-chunk-13-1.jpeg>]
Overfull \hbox (23.18593pt too wide) in paragraph at lines 2403--2424
 [][] 
 []


LaTeX Warning: `!h' float specifier changed to `!ht'.

[76 <./Champis_files/figure-latex/unnamed-chunk-15-1.jpeg>] [77] [78]
Underfull \hbox (badness 10000) in paragraph at lines 2471--2474

 []


Underfull \hbox (badness 10000) in paragraph at lines 2475--2478

 []


Underfull \hbox (badness 10000) in paragraph at lines 2479--2482

 []


Underfull \hbox (badness 10000) in paragraph at lines 2483--2486

 []


Underfull \hbox (badness 10000) in paragraph at lines 2487--2490

 []


Underfull \hbox (badness 10000) in paragraph at lines 2491--2494

 []


Underfull \hbox (badness 10000) in paragraph at lines 2495--2498

 []


Underfull \hbox (badness 10000) in paragraph at lines 2499--2502

 []


Underfull \hbox (badness 10000) in paragraph at lines 2503--2506

 []


Underfull \hbox (badness 10000) in paragraph at lines 2507--2510

 []


Underfull \hbox (badness 10000) in paragraph at lines 2511--2514

 []


Underfull \hbox (badness 10000) in paragraph at lines 2515--2518

 []


Underfull \hbox (badness 10000) in paragraph at lines 2519--2522

 []


Underfull \hbox (badness 10000) in paragraph at lines 2523--2526

 []


Underfull \hbox (badness 10000) in paragraph at lines 2527--2530

 []


Underfull \hbox (badness 10000) in paragraph at lines 2531--2534

 []


Underfull \hbox (badness 10000) in paragraph at lines 2535--2538

 []


Underfull \hbox (badness 10000) in paragraph at lines 2539--2542

 []

[79]
Underfull \hbox (badness 10000) in paragraph at lines 2543--2546

 []


Underfull \hbox (badness 10000) in paragraph at lines 2547--2550

 []


Underfull \hbox (badness 10000) in paragraph at lines 2551--2554

 []


Underfull \hbox (badness 10000) in paragraph at lines 2555--2558

 []


Underfull \hbox (badness 10000) in paragraph at lines 2559--2562

 []


Underfull \hbox (badness 10000) in paragraph at lines 2563--2566

 []


Underfull \hbox (badness 10000) in paragraph at lines 2567--2570

 []


Underfull \hbox (badness 10000) in paragraph at lines 2571--2574

 []


Underfull \hbox (badness 10000) in paragraph at lines 2575--2578

 []


Underfull \hbox (badness 10000) in paragraph at lines 2579--2582

 []


Underfull \hbox (badness 10000) in paragraph at lines 2583--2586

 []


Underfull \hbox (badness 10000) in paragraph at lines 2587--2590

 []


Underfull \hbox (badness 10000) in paragraph at lines 2591--2594

 []


Underfull \hbox (badness 10000) in paragraph at lines 2595--2598

 []


Underfull \hbox (badness 10000) in paragraph at lines 2599--2602

 []

[80]
Underfull \hbox (badness 10000) in paragraph at lines 2603--2606

 []


Underfull \hbox (badness 10000) in paragraph at lines 2607--2610

 []


Underfull \hbox (badness 10000) in paragraph at lines 2611--2614

 []


Underfull \hbox (badness 10000) in paragraph at lines 2615--2618

 []


Underfull \hbox (badness 10000) in paragraph at lines 2619--2622

 []


Underfull \hbox (badness 10000) in paragraph at lines 2623--2626

 []


Underfull \hbox (badness 10000) in paragraph at lines 2627--2630

 []


Underfull \hbox (badness 10000) in paragraph at lines 2631--2634

 []


Underfull \hbox (badness 10000) in paragraph at lines 2635--2638

 []


Underfull \hbox (badness 10000) in paragraph at lines 2639--2642

 []


Underfull \hbox (badness 10000) in paragraph at lines 2643--2646

 []


Underfull \hbox (badness 10000) in paragraph at lines 2647--2650

 []


Underfull \hbox (badness 10000) in paragraph at lines 2651--2654

 []


Underfull \hbox (badness 10000) in paragraph at lines 2655--2658

 []

[81]
Underfull \hbox (badness 10000) in paragraph at lines 2659--2662

 []


Underfull \hbox (badness 10000) in paragraph at lines 2663--2666

 []


Underfull \hbox (badness 10000) in paragraph at lines 2667--2670

 []


Underfull \hbox (badness 10000) in paragraph at lines 2671--2674

 []


Underfull \hbox (badness 10000) in paragraph at lines 2675--2678

 []


Underfull \hbox (badness 10000) in paragraph at lines 2679--2682

 []


Underfull \hbox (badness 10000) in paragraph at lines 2683--2686

 []


Underfull \hbox (badness 10000) in paragraph at lines 2687--2690

 []

[82]
LaTeX Font Info:    Trying to load font information for T1+lmtt on input line 2
712.
(/usr/share/texmf/tex/latex/lm/t1lmtt.fd
File: t1lmtt.fd 2009/10/30 v1.6 Font defs for Latin Modern
) [83]
LaTeX Font Info:    Font shape `T1/lmtt/bx/n' in size <10.95> not available
(Font)              Font shape `T1/lmtt/b/n' tried instead on input line 2779.
LaTeX Font Info:    Trying to load font information for TS1+lmtt on input line 
2780.
(/usr/share/texmf/tex/latex/lm/ts1lmtt.fd
File: ts1lmtt.fd 2009/10/30 v1.6 Font defs for Latin Modern
) [84] [85] [86] [87] [88] [89] [90] [91] [92] [93]
<Champis_files/figure-latex/unnamed-chunk-38-1.pdf, id=1494, 273.02pt x 206.772
5pt>
File: Champis_files/figure-latex/unnamed-chunk-38-1.pdf Graphic file (type pdf)

<use Champis_files/figure-latex/unnamed-chunk-38-1.pdf>
Package pdftex.def Info: Champis_files/figure-latex/unnamed-chunk-38-1.pdf  use
d on input line 3307.
(pdftex.def)             Requested size: 273.02766pt x 206.77829pt.
[94 <./Champis_files/figure-latex/unnamed-chunk-38-1.pdf>] [95] [96]
<Champis_files/figure-latex/unnamed-chunk-47-1.jpeg, id=1522, 460.119pt x 199.1
44pt>
File: Champis_files/figure-latex/unnamed-chunk-47-1.jpeg Graphic file (type jpg
)
<use Champis_files/figure-latex/unnamed-chunk-47-1.jpeg>
Package pdftex.def Info: Champis_files/figure-latex/unnamed-chunk-47-1.jpeg  us
ed on input line 3487.
(pdftex.def)             Requested size: 460.11787pt x 199.1435pt.
[97 <./Champis_files/figure-latex/unnamed-chunk-47-1.jpeg>] [98] [99]
Underfull \hbox (badness 10000) in paragraph at lines 3675--3690

 []


Underfull \hbox (badness 10000) in paragraph at lines 3675--3690

 []


Underfull \hbox (badness 10000) in paragraph at lines 3675--3690

 []


Underfull \hbox (badness 10000) in paragraph at lines 3675--3690

 []

[100] (./Champis.aux) )
(\end occurred inside a group at level 2)

### simple group (level 2) entered at line 3646 ({)
### simple group (level 1) entered at line 178 ({)
### bottom level 
Here is how much of TeX's memory you used:
 21006 strings out of 480067
 359121 string characters out of 5889631
 1392437 words of memory out of 5000000
 37635 multiletter control sequences out of 15000+600000
 585544 words of font info for 249 fonts, out of 8000000 for 9000
 62 hyphenation exceptions out of 8191
 94i,17n,92p,1902b,571s stack positions out of 5000i,500n,10000p,200000b,80000s
{/usr/share/texmf/fonts/enc/dvips/lm/lm-ts1.enc}{/usr/share/tex
mf/fonts/enc/dvips/lm/lm-ec.enc}{/usr/share/texmf/fonts/enc/dvips/lm/lm-mathit.
enc}{/usr/share/texmf/fonts/enc/dvips/lm/lm-mathex.enc}{/usr/share/texmf/fonts/
enc/dvips/lm/lm-mathsy.enc}</usr/share/texlive/texmf-dist/fonts/type1/public/am
sfonts/cm/cmss12.pfb></usr/share/texlive/texmf-dist/fonts/type1/public/amsfonts
/cm/cmss8.pfb></usr/share/texmf/fonts/type1/public/lm/lmex10.pfb></usr/share/te
xmf/fonts/type1/public/lm/lmmi12.pfb></usr/share/texmf/fonts/type1/public/lm/lm
mi6.pfb></usr/share/texmf/fonts/type1/public/lm/lmmi8.pfb></usr/share/texmf/fon
ts/type1/public/lm/lmmib10.pfb></usr/share/texmf/fonts/type1/public/lm/lmr12.pf
b></usr/share/texmf/fonts/type1/public/lm/lmri12.pfb></usr/share/texmf/fonts/ty
pe1/public/lm/lmss10.pfb></usr/share/texmf/fonts/type1/public/lm/lmss12.pfb></u
sr/share/texmf/fonts/type1/public/lm/lmss8.pfb></usr/share/texmf/fonts/type1/pu
blic/lm/lmssbx10.pfb></usr/share/texmf/fonts/type1/public/lm/lmsso10.pfb></usr/
share/texmf/fonts/type1/public/lm/lmsso12.pfb></usr/share/texmf/fonts/type1/pub
lic/lm/lmsso8.pfb></usr/share/texmf/fonts/type1/public/lm/lmsy10.pfb></usr/shar
e/texmf/fonts/type1/public/lm/lmsy8.pfb></usr/share/texmf/fonts/type1/public/lm
/lmtk10.pfb></usr/share/texmf/fonts/type1/public/lm/lmtt10.pfb></usr/share/texm
f/fonts/type1/public/lm/lmtti10.pfb>
Output written on Champis.pdf (100 pages, 6617220 bytes).
PDF statistics:
 1946 PDF objects out of 2073 (max. 8388607)
 1638 compressed objects within 17 object streams
 599 named destinations out of 1000 (max. 500000)
 64248 words of extra memory for PDF output out of 74296 (max. 10000000)

